2025-09-28 00:46:20,251 [INFO] com.example.AlbumVerse.AlbumVerseApplication {restartedMain} Starting AlbumVerseApplication using Java 21.0.8 with PID 9252 (D:\Projects\AlbumVerse\AlbumVerse\target\classes started by anmol in d:\Projects\AlbumVerse)
2025-09-28 00:46:20,268 [INFO] com.example.AlbumVerse.AlbumVerseApplication {restartedMain} No active profile set, falling back to 1 default profile: "default"
2025-09-28 00:46:20,353 [INFO] org.springframework.boot.devtools.env.DevToolsPropertyDefaultsPostProcessor {restartedMain} Devtools property defaults active! Set 'spring.devtools.add-properties' to 'false' to disable
2025-09-28 00:46:20,354 [INFO] org.springframework.boot.devtools.env.DevToolsPropertyDefaultsPostProcessor {restartedMain} For additional web related logging consider setting the 'logging.level.web' property to 'DEBUG'
2025-09-28 00:46:21,725 [INFO] org.springframework.data.repository.config.RepositoryConfigurationDelegate {restartedMain} Bootstrapping Spring Data JPA repositories in DEFAULT mode.
2025-09-28 00:46:21,818 [INFO] org.springframework.data.repository.config.RepositoryConfigurationDelegate {restartedMain} Finished Spring Data repository scanning in 81 ms. Found 2 JPA repository interfaces.
2025-09-28 00:46:22,762 [INFO] org.springframework.boot.web.embedded.tomcat.TomcatWebServer {restartedMain} Tomcat initialized with port 8080 (http)
2025-09-28 00:46:22,780 [INFO] org.apache.catalina.core.StandardService {restartedMain} Starting service [Tomcat]
2025-09-28 00:46:22,780 [INFO] org.apache.catalina.core.StandardEngine {restartedMain} Starting Servlet engine: [Apache Tomcat/10.1.46]
2025-09-28 00:46:22,858 [INFO] org.apache.catalina.core.ContainerBase.[Tomcat].[localhost].[/] {restartedMain} Initializing Spring embedded WebApplicationContext
2025-09-28 00:46:22,858 [INFO] org.springframework.boot.web.servlet.context.ServletWebServerApplicationContext {restartedMain} Root WebApplicationContext: initialization completed in 2503 ms
2025-09-28 00:46:23,097 [INFO] org.hibernate.jpa.internal.util.LogHelper {restartedMain} HHH000204: Processing PersistenceUnitInfo [name: default]
2025-09-28 00:46:23,194 [INFO] org.hibernate.Version {restartedMain} HHH000412: Hibernate ORM core version 6.6.29.Final
2025-09-28 00:46:23,269 [INFO] org.hibernate.cache.internal.RegionFactoryInitiator {restartedMain} HHH000026: Second-level cache disabled
2025-09-28 00:46:23,676 [INFO] org.springframework.orm.jpa.persistenceunit.SpringPersistenceUnitInfo {restartedMain} No LoadTimeWeaver setup: ignoring JPA class transformer
2025-09-28 00:46:23,716 [INFO] com.zaxxer.hikari.HikariDataSource {restartedMain} HikariPool-1 - Starting...
2025-09-28 00:46:23,911 [INFO] com.zaxxer.hikari.pool.HikariPool {restartedMain} HikariPool-1 - Added connection com.mysql.cj.jdbc.ConnectionImpl@646387d9
2025-09-28 00:46:23,914 [INFO] com.zaxxer.hikari.HikariDataSource {restartedMain} HikariPool-1 - Start completed.
2025-09-28 00:46:23,966 [WARN] org.hibernate.orm.deprecation {restartedMain} HHH90000025: MySQL8Dialect does not need to be specified explicitly using 'hibernate.dialect' (remove the property setting and it will be selected by default)
2025-09-28 00:46:23,967 [WARN] org.hibernate.orm.deprecation {restartedMain} HHH90000026: MySQL8Dialect has been deprecated; use org.hibernate.dialect.MySQLDialect instead
2025-09-28 00:46:23,990 [INFO] org.hibernate.orm.connections.pooling {restartedMain} HHH10001005: Database info:
	Database JDBC URL [Connecting through datasource 'HikariDataSource (HikariPool-1)']
	Database driver: undefined/unknown
	Database version: 8.0
	Autocommit mode: undefined/unknown
	Isolation level: undefined/unknown
	Minimum pool size: undefined/unknown
	Maximum pool size: undefined/unknown
2025-09-28 00:46:24,883 [INFO] org.hibernate.engine.transaction.jta.platform.internal.JtaPlatformInitiator {restartedMain} HHH000489: No JTA platform available (set 'hibernate.transaction.jta.platform' to enable JTA platform integration)
2025-09-28 00:46:24,957 [INFO] org.springframework.orm.jpa.LocalContainerEntityManagerFactoryBean {restartedMain} Initialized JPA EntityManagerFactory for persistence unit 'default'
2025-09-28 00:46:25,687 [WARN] org.springframework.boot.autoconfigure.orm.jpa.JpaBaseConfiguration$JpaWebConfiguration {restartedMain} spring.jpa.open-in-view is enabled by default. Therefore, database queries may be performed during view rendering. Explicitly configure spring.jpa.open-in-view to disable this warning
2025-09-28 00:46:25,937 [INFO] org.springframework.security.config.annotation.authentication.configuration.InitializeUserDetailsBeanManagerConfigurer$InitializeUserDetailsManagerConfigurer {restartedMain} Global AuthenticationManager configured with UserDetailsService bean with name accountService
2025-09-28 00:46:26,082 [DEBUG] org.springframework.security.web.DefaultSecurityFilterChain {restartedMain} Will secure any request with filters: DisableEncodeUrlFilter, WebAsyncManagerIntegrationFilter, SecurityContextHolderFilter, HeaderWriterFilter, LogoutFilter, BearerTokenAuthenticationFilter, AuthenticationFilter, RequestCacheAwareFilter, SecurityContextHolderAwareRequestFilter, AnonymousAuthenticationFilter, SessionManagementFilter, ExceptionTranslationFilter, AuthorizationFilter
2025-09-28 00:46:26,432 [INFO] org.springframework.boot.devtools.autoconfigure.OptionalLiveReloadServer {restartedMain} LiveReload server is running on port 35729
2025-09-28 00:46:26,476 [INFO] org.springframework.boot.web.embedded.tomcat.TomcatWebServer {restartedMain} Tomcat started on port 8080 (http) with context path '/'
2025-09-28 00:46:26,487 [INFO] com.example.AlbumVerse.AlbumVerseApplication {restartedMain} Started AlbumVerseApplication in 6.795 seconds (process running for 7.489)
2025-09-28 00:54:02,390 [INFO] org.apache.catalina.core.ContainerBase.[Tomcat].[localhost].[/] {http-nio-8080-exec-3} Initializing Spring DispatcherServlet 'dispatcherServlet'
2025-09-28 00:54:02,390 [INFO] org.springframework.web.servlet.DispatcherServlet {http-nio-8080-exec-3} Initializing Servlet 'dispatcherServlet'
2025-09-28 00:54:02,391 [INFO] org.springframework.web.servlet.DispatcherServlet {http-nio-8080-exec-3} Completed initialization in 1 ms
2025-09-28 00:54:02,408 [DEBUG] org.springframework.security.web.FilterChainProxy {http-nio-8080-exec-3} Securing POST /auth/token
2025-09-28 00:54:02,415 [DEBUG] org.springframework.security.web.authentication.AnonymousAuthenticationFilter {http-nio-8080-exec-3} Set SecurityContextHolder to anonymous SecurityContext
2025-09-28 00:54:02,416 [DEBUG] org.springframework.security.web.FilterChainProxy {http-nio-8080-exec-3} Secured POST /auth/token
2025-09-28 00:54:02,732 [DEBUG] org.springframework.security.authentication.dao.DaoAuthenticationProvider {http-nio-8080-exec-3} Authenticated user
