2025-09-30 22:31:38,113 [INFO] com.example.AlbumVerse.AlbumVerseApplication {restartedMain} Starting AlbumVerseApplication using Java 21.0.8 with PID 9060 (D:\Projects\AlbumVerse\AlbumVerse\target\classes started by anmol in D:\Projects\AlbumVerse\AlbumVerse)
2025-09-30 22:31:38,117 [INFO] com.example.AlbumVerse.AlbumVerseApplication {restartedMain} No active profile set, falling back to 1 default profile: "default"
2025-09-30 22:31:38,183 [INFO] org.springframework.boot.devtools.env.DevToolsPropertyDefaultsPostProcessor {restartedMain} Devtools property defaults active! Set 'spring.devtools.add-properties' to 'false' to disable
2025-09-30 22:31:38,184 [INFO] org.springframework.boot.devtools.env.DevToolsPropertyDefaultsPostProcessor {restartedMain} For additional web related logging consider setting the 'logging.level.web' property to 'DEBUG'
2025-09-30 22:31:39,276 [INFO] org.springframework.data.repository.config.RepositoryConfigurationDelegate {restartedMain} Bootstrapping Spring Data JPA repositories in DEFAULT mode.
2025-09-30 22:31:39,348 [INFO] org.springframework.data.repository.config.RepositoryConfigurationDelegate {restartedMain} Finished Spring Data repository scanning in 59 ms. Found 3 JPA repository interfaces.
2025-09-30 22:31:40,091 [INFO] org.springframework.boot.web.embedded.tomcat.TomcatWebServer {restartedMain} Tomcat initialized with port 8080 (http)
2025-09-30 22:31:40,107 [INFO] org.apache.catalina.core.StandardService {restartedMain} Starting service [Tomcat]
2025-09-30 22:31:40,107 [INFO] org.apache.catalina.core.StandardEngine {restartedMain} Starting Servlet engine: [Apache Tomcat/10.1.46]
2025-09-30 22:31:40,186 [INFO] org.apache.catalina.core.ContainerBase.[Tomcat].[localhost].[/] {restartedMain} Initializing Spring embedded WebApplicationContext
2025-09-30 22:31:40,186 [INFO] org.springframework.boot.web.servlet.context.ServletWebServerApplicationContext {restartedMain} Root WebApplicationContext: initialization completed in 2001 ms
2025-09-30 22:31:40,381 [INFO] org.hibernate.jpa.internal.util.LogHelper {restartedMain} HHH000204: Processing PersistenceUnitInfo [name: default]
2025-09-30 22:31:40,433 [INFO] org.hibernate.Version {restartedMain} HHH000412: Hibernate ORM core version 6.6.29.Final
2025-09-30 22:31:40,471 [INFO] org.hibernate.cache.internal.RegionFactoryInitiator {restartedMain} HHH000026: Second-level cache disabled
2025-09-30 22:31:40,796 [INFO] org.springframework.orm.jpa.persistenceunit.SpringPersistenceUnitInfo {restartedMain} No LoadTimeWeaver setup: ignoring JPA class transformer
2025-09-30 22:31:40,828 [INFO] com.zaxxer.hikari.HikariDataSource {restartedMain} HikariPool-1 - Starting...
2025-09-30 22:31:41,025 [INFO] com.zaxxer.hikari.pool.HikariPool {restartedMain} HikariPool-1 - Added connection com.mysql.cj.jdbc.ConnectionImpl@15c6b314
2025-09-30 22:31:41,028 [INFO] com.zaxxer.hikari.HikariDataSource {restartedMain} HikariPool-1 - Start completed.
2025-09-30 22:31:41,066 [WARN] org.hibernate.orm.deprecation {restartedMain} HHH90000025: MySQL8Dialect does not need to be specified explicitly using 'hibernate.dialect' (remove the property setting and it will be selected by default)
2025-09-30 22:31:41,068 [WARN] org.hibernate.orm.deprecation {restartedMain} HHH90000026: MySQL8Dialect has been deprecated; use org.hibernate.dialect.MySQLDialect instead
2025-09-30 22:31:41,086 [INFO] org.hibernate.orm.connections.pooling {restartedMain} HHH10001005: Database info:
	Database JDBC URL [Connecting through datasource 'HikariDataSource (HikariPool-1)']
	Database driver: undefined/unknown
	Database version: 8.0
	Autocommit mode: undefined/unknown
	Isolation level: undefined/unknown
	Minimum pool size: undefined/unknown
	Maximum pool size: undefined/unknown
2025-09-30 22:31:41,808 [INFO] org.hibernate.engine.transaction.jta.platform.internal.JtaPlatformInitiator {restartedMain} HHH000489: No JTA platform available (set 'hibernate.transaction.jta.platform' to enable JTA platform integration)
2025-09-30 22:31:41,887 [INFO] org.springframework.orm.jpa.LocalContainerEntityManagerFactoryBean {restartedMain} Initialized JPA EntityManagerFactory for persistence unit 'default'
2025-09-30 22:31:42,612 [WARN] org.springframework.boot.autoconfigure.orm.jpa.JpaBaseConfiguration$JpaWebConfiguration {restartedMain} spring.jpa.open-in-view is enabled by default. Therefore, database queries may be performed during view rendering. Explicitly configure spring.jpa.open-in-view to disable this warning
2025-09-30 22:31:42,841 [INFO] org.springframework.security.config.annotation.authentication.configuration.InitializeUserDetailsBeanManagerConfigurer$InitializeUserDetailsManagerConfigurer {restartedMain} Global AuthenticationManager configured with UserDetailsService bean with name accountService
2025-09-30 22:31:42,987 [DEBUG] org.springframework.security.web.DefaultSecurityFilterChain {restartedMain} Will secure any request with filters: DisableEncodeUrlFilter, WebAsyncManagerIntegrationFilter, SecurityContextHolderFilter, HeaderWriterFilter, LogoutFilter, BearerTokenAuthenticationFilter, AuthenticationFilter, RequestCacheAwareFilter, SecurityContextHolderAwareRequestFilter, AnonymousAuthenticationFilter, SessionManagementFilter, ExceptionTranslationFilter, AuthorizationFilter
2025-09-30 22:31:43,293 [INFO] org.springframework.boot.devtools.autoconfigure.OptionalLiveReloadServer {restartedMain} LiveReload server is running on port 35729
2025-09-30 22:31:43,326 [INFO] org.springframework.boot.web.embedded.tomcat.TomcatWebServer {restartedMain} Tomcat started on port 8080 (http) with context path '/'
2025-09-30 22:31:43,336 [INFO] com.example.AlbumVerse.AlbumVerseApplication {restartedMain} Started AlbumVerseApplication in 5.745 seconds (process running for 6.202)
2025-09-30 22:31:49,288 [INFO] org.apache.catalina.core.ContainerBase.[Tomcat].[localhost].[/] {http-nio-8080-exec-1} Initializing Spring DispatcherServlet 'dispatcherServlet'
2025-09-30 22:31:49,288 [INFO] org.springframework.web.servlet.DispatcherServlet {http-nio-8080-exec-1} Initializing Servlet 'dispatcherServlet'
2025-09-30 22:31:49,288 [INFO] org.springframework.web.servlet.DispatcherServlet {http-nio-8080-exec-1} Completed initialization in 0 ms
2025-09-30 22:31:49,309 [DEBUG] org.springframework.security.web.FilterChainProxy {http-nio-8080-exec-1} Securing GET /
2025-09-30 22:31:49,316 [DEBUG] org.springframework.security.web.authentication.AnonymousAuthenticationFilter {http-nio-8080-exec-1} Set SecurityContextHolder to anonymous SecurityContext
2025-09-30 22:31:49,316 [DEBUG] org.springframework.security.web.session.SessionManagementFilter {http-nio-8080-exec-1} Request requested invalid session id FB74EDC4A01E22A9E0E8261D4581D5DB
2025-09-30 22:31:49,318 [DEBUG] org.springframework.security.web.FilterChainProxy {http-nio-8080-exec-1} Secured GET /
2025-09-30 22:31:54,537 [DEBUG] org.springframework.security.web.FilterChainProxy {http-nio-8080-exec-2} Securing GET /swagger-ui.html
2025-09-30 22:31:54,539 [DEBUG] org.springframework.security.web.authentication.AnonymousAuthenticationFilter {http-nio-8080-exec-2} Set SecurityContextHolder to anonymous SecurityContext
2025-09-30 22:31:54,539 [DEBUG] org.springframework.security.web.session.SessionManagementFilter {http-nio-8080-exec-2} Request requested invalid session id FB74EDC4A01E22A9E0E8261D4581D5DB
2025-09-30 22:31:55,838 [DEBUG] org.springframework.security.web.FilterChainProxy {http-nio-8080-exec-3} Securing GET /swagger-ui.html
2025-09-30 22:31:55,838 [DEBUG] org.springframework.security.web.authentication.AnonymousAuthenticationFilter {http-nio-8080-exec-3} Set SecurityContextHolder to anonymous SecurityContext
2025-09-30 22:31:55,838 [DEBUG] org.springframework.security.web.session.SessionManagementFilter {http-nio-8080-exec-3} Request requested invalid session id FB74EDC4A01E22A9E0E8261D4581D5DB
2025-09-30 22:31:59,246 [DEBUG] org.springframework.security.web.FilterChainProxy {http-nio-8080-exec-4} Securing GET /swagger-ui.html
2025-09-30 22:31:59,246 [DEBUG] org.springframework.security.web.authentication.AnonymousAuthenticationFilter {http-nio-8080-exec-4} Set SecurityContextHolder to anonymous SecurityContext
2025-09-30 22:31:59,246 [DEBUG] org.springframework.security.web.session.SessionManagementFilter {http-nio-8080-exec-4} Request requested invalid session id FB74EDC4A01E22A9E0E8261D4581D5DB
2025-09-30 22:32:14,260 [INFO] org.springframework.boot.devtools.autoconfigure.LocalDevToolsAutoConfiguration$RestartingClassPathChangeChangedEventListener {File Watcher} Restarting due to 1 class path change (0 additions, 0 deletions, 1 modification)
2025-09-30 22:32:14,264 [INFO] org.springframework.boot.web.embedded.tomcat.GracefulShutdown {Thread-5} Commencing graceful shutdown. Waiting for active requests to complete
2025-09-30 22:32:14,279 [INFO] org.springframework.boot.web.embedded.tomcat.GracefulShutdown {tomcat-shutdown} Graceful shutdown complete
2025-09-30 22:32:14,288 [INFO] org.springframework.orm.jpa.LocalContainerEntityManagerFactoryBean {Thread-5} Closing JPA EntityManagerFactory for persistence unit 'default'
2025-09-30 22:32:14,295 [INFO] com.zaxxer.hikari.HikariDataSource {Thread-5} HikariPool-1 - Shutdown initiated...
2025-09-30 22:32:14,309 [INFO] com.zaxxer.hikari.HikariDataSource {Thread-5} HikariPool-1 - Shutdown completed.
2025-09-30 22:32:14,384 [INFO] com.example.AlbumVerse.AlbumVerseApplication {restartedMain} Starting AlbumVerseApplication using Java 21.0.8 with PID 9060 (D:\Projects\AlbumVerse\AlbumVerse\target\classes started by anmol in D:\Projects\AlbumVerse\AlbumVerse)
2025-09-30 22:32:14,384 [INFO] com.example.AlbumVerse.AlbumVerseApplication {restartedMain} No active profile set, falling back to 1 default profile: "default"
2025-09-30 22:32:14,624 [INFO] org.springframework.data.repository.config.RepositoryConfigurationDelegate {restartedMain} Bootstrapping Spring Data JPA repositories in DEFAULT mode.
2025-09-30 22:32:14,649 [INFO] org.springframework.data.repository.config.RepositoryConfigurationDelegate {restartedMain} Finished Spring Data repository scanning in 22 ms. Found 3 JPA repository interfaces.
2025-09-30 22:32:14,744 [INFO] org.springframework.boot.web.embedded.tomcat.TomcatWebServer {restartedMain} Tomcat initialized with port 8080 (http)
2025-09-30 22:32:14,745 [INFO] org.apache.catalina.core.StandardService {restartedMain} Starting service [Tomcat]
2025-09-30 22:32:14,745 [INFO] org.apache.catalina.core.StandardEngine {restartedMain} Starting Servlet engine: [Apache Tomcat/10.1.46]
2025-09-30 22:32:14,776 [INFO] org.apache.catalina.core.ContainerBase.[Tomcat].[localhost].[/] {restartedMain} Initializing Spring embedded WebApplicationContext
2025-09-30 22:32:14,780 [INFO] org.springframework.boot.web.servlet.context.ServletWebServerApplicationContext {restartedMain} Root WebApplicationContext: initialization completed in 392 ms
2025-09-30 22:32:14,807 [INFO] org.hibernate.jpa.internal.util.LogHelper {restartedMain} HHH000204: Processing PersistenceUnitInfo [name: default]
2025-09-30 22:32:14,810 [INFO] org.hibernate.cache.internal.RegionFactoryInitiator {restartedMain} HHH000026: Second-level cache disabled
2025-09-30 22:32:14,817 [INFO] org.springframework.orm.jpa.persistenceunit.SpringPersistenceUnitInfo {restartedMain} No LoadTimeWeaver setup: ignoring JPA class transformer
2025-09-30 22:32:14,818 [INFO] com.zaxxer.hikari.HikariDataSource {restartedMain} HikariPool-2 - Starting...
2025-09-30 22:32:14,823 [INFO] com.zaxxer.hikari.pool.HikariPool {restartedMain} HikariPool-2 - Added connection com.mysql.cj.jdbc.ConnectionImpl@7320bf5c
2025-09-30 22:32:14,824 [INFO] com.zaxxer.hikari.HikariDataSource {restartedMain} HikariPool-2 - Start completed.
2025-09-30 22:32:14,824 [WARN] org.hibernate.orm.deprecation {restartedMain} HHH90000025: MySQL8Dialect does not need to be specified explicitly using 'hibernate.dialect' (remove the property setting and it will be selected by default)
2025-09-30 22:32:14,824 [WARN] org.hibernate.orm.deprecation {restartedMain} HHH90000026: MySQL8Dialect has been deprecated; use org.hibernate.dialect.MySQLDialect instead
2025-09-30 22:32:14,825 [INFO] org.hibernate.orm.connections.pooling {restartedMain} HHH10001005: Database info:
	Database JDBC URL [Connecting through datasource 'HikariDataSource (HikariPool-2)']
	Database driver: undefined/unknown
	Database version: 8.0
	Autocommit mode: undefined/unknown
	Isolation level: undefined/unknown
	Minimum pool size: undefined/unknown
	Maximum pool size: undefined/unknown
2025-09-30 22:32:14,892 [INFO] org.hibernate.engine.transaction.jta.platform.internal.JtaPlatformInitiator {restartedMain} HHH000489: No JTA platform available (set 'hibernate.transaction.jta.platform' to enable JTA platform integration)
2025-09-30 22:32:14,916 [INFO] org.springframework.orm.jpa.LocalContainerEntityManagerFactoryBean {restartedMain} Initialized JPA EntityManagerFactory for persistence unit 'default'
2025-09-30 22:32:15,106 [WARN] org.springframework.boot.autoconfigure.orm.jpa.JpaBaseConfiguration$JpaWebConfiguration {restartedMain} spring.jpa.open-in-view is enabled by default. Therefore, database queries may be performed during view rendering. Explicitly configure spring.jpa.open-in-view to disable this warning
2025-09-30 22:32:15,154 [INFO] org.springframework.security.config.annotation.authentication.configuration.InitializeUserDetailsBeanManagerConfigurer$InitializeUserDetailsManagerConfigurer {restartedMain} Global AuthenticationManager configured with UserDetailsService bean with name accountService
2025-09-30 22:32:15,165 [DEBUG] org.springframework.security.web.DefaultSecurityFilterChain {restartedMain} Will secure any request with filters: DisableEncodeUrlFilter, WebAsyncManagerIntegrationFilter, SecurityContextHolderFilter, HeaderWriterFilter, LogoutFilter, BearerTokenAuthenticationFilter, AuthenticationFilter, RequestCacheAwareFilter, SecurityContextHolderAwareRequestFilter, AnonymousAuthenticationFilter, SessionManagementFilter, ExceptionTranslationFilter, AuthorizationFilter
2025-09-30 22:32:15,213 [INFO] org.springframework.boot.devtools.autoconfigure.OptionalLiveReloadServer {restartedMain} LiveReload server is running on port 35729
2025-09-30 22:32:15,223 [INFO] org.springframework.boot.web.embedded.tomcat.TomcatWebServer {restartedMain} Tomcat started on port 8080 (http) with context path '/'
2025-09-30 22:32:15,226 [INFO] com.example.AlbumVerse.AlbumVerseApplication {restartedMain} Started AlbumVerseApplication in 0.869 seconds (process running for 38.092)
2025-09-30 22:32:15,234 [INFO] org.springframework.boot.devtools.autoconfigure.ConditionEvaluationDeltaLoggingListener {restartedMain} Condition evaluation unchanged
2025-09-30 22:32:18,146 [INFO] org.apache.catalina.core.ContainerBase.[Tomcat].[localhost].[/] {http-nio-8080-exec-1} Initializing Spring DispatcherServlet 'dispatcherServlet'
2025-09-30 22:32:18,148 [INFO] org.springframework.web.servlet.DispatcherServlet {http-nio-8080-exec-1} Initializing Servlet 'dispatcherServlet'
2025-09-30 22:32:18,148 [INFO] org.springframework.web.servlet.DispatcherServlet {http-nio-8080-exec-1} Completed initialization in 0 ms
2025-09-30 22:32:18,149 [DEBUG] org.springframework.security.web.FilterChainProxy {http-nio-8080-exec-1} Securing GET /swagger-ui.html
2025-09-30 22:32:18,150 [DEBUG] org.springframework.security.web.authentication.AnonymousAuthenticationFilter {http-nio-8080-exec-1} Set SecurityContextHolder to anonymous SecurityContext
2025-09-30 22:32:18,150 [DEBUG] org.springframework.security.web.session.SessionManagementFilter {http-nio-8080-exec-1} Request requested invalid session id FB74EDC4A01E22A9E0E8261D4581D5DB
2025-09-30 22:32:18,150 [DEBUG] org.springframework.security.web.FilterChainProxy {http-nio-8080-exec-1} Secured GET /swagger-ui.html
2025-09-30 22:32:18,186 [DEBUG] org.springframework.security.web.FilterChainProxy {http-nio-8080-exec-2} Securing GET /swagger-ui/index.html
2025-09-30 22:32:18,186 [DEBUG] org.springframework.security.web.authentication.AnonymousAuthenticationFilter {http-nio-8080-exec-2} Set SecurityContextHolder to anonymous SecurityContext
2025-09-30 22:32:18,186 [DEBUG] org.springframework.security.web.session.SessionManagementFilter {http-nio-8080-exec-2} Request requested invalid session id FB74EDC4A01E22A9E0E8261D4581D5DB
2025-09-30 22:32:18,186 [DEBUG] org.springframework.security.web.FilterChainProxy {http-nio-8080-exec-2} Secured GET /swagger-ui/index.html
2025-09-30 22:32:18,214 [DEBUG] org.springframework.security.web.FilterChainProxy {http-nio-8080-exec-4} Securing GET /swagger-ui/index.css
2025-09-30 22:32:18,214 [DEBUG] org.springframework.security.web.FilterChainProxy {http-nio-8080-exec-3} Securing GET /swagger-ui/swagger-ui.css
2025-09-30 22:32:18,214 [DEBUG] org.springframework.security.web.authentication.AnonymousAuthenticationFilter {http-nio-8080-exec-4} Set SecurityContextHolder to anonymous SecurityContext
2025-09-30 22:32:18,214 [DEBUG] org.springframework.security.web.authentication.AnonymousAuthenticationFilter {http-nio-8080-exec-3} Set SecurityContextHolder to anonymous SecurityContext
2025-09-30 22:32:18,214 [DEBUG] org.springframework.security.web.session.SessionManagementFilter {http-nio-8080-exec-4} Request requested invalid session id FB74EDC4A01E22A9E0E8261D4581D5DB
2025-09-30 22:32:18,214 [DEBUG] org.springframework.security.web.session.SessionManagementFilter {http-nio-8080-exec-3} Request requested invalid session id FB74EDC4A01E22A9E0E8261D4581D5DB
2025-09-30 22:32:18,214 [DEBUG] org.springframework.security.web.FilterChainProxy {http-nio-8080-exec-4} Secured GET /swagger-ui/index.css
2025-09-30 22:32:18,214 [DEBUG] org.springframework.security.web.FilterChainProxy {http-nio-8080-exec-3} Secured GET /swagger-ui/swagger-ui.css
2025-09-30 22:32:18,214 [DEBUG] org.springframework.security.web.FilterChainProxy {http-nio-8080-exec-6} Securing GET /swagger-ui/swagger-ui-standalone-preset.js
2025-09-30 22:32:18,214 [DEBUG] org.springframework.security.web.FilterChainProxy {http-nio-8080-exec-5} Securing GET /swagger-ui/swagger-ui-bundle.js
2025-09-30 22:32:18,215 [DEBUG] org.springframework.security.web.FilterChainProxy {http-nio-8080-exec-7} Securing GET /swagger-ui/swagger-initializer.js
2025-09-30 22:32:18,215 [DEBUG] org.springframework.security.web.authentication.AnonymousAuthenticationFilter {http-nio-8080-exec-6} Set SecurityContextHolder to anonymous SecurityContext
2025-09-30 22:32:18,215 [DEBUG] org.springframework.security.web.authentication.AnonymousAuthenticationFilter {http-nio-8080-exec-5} Set SecurityContextHolder to anonymous SecurityContext
2025-09-30 22:32:18,215 [DEBUG] org.springframework.security.web.authentication.AnonymousAuthenticationFilter {http-nio-8080-exec-7} Set SecurityContextHolder to anonymous SecurityContext
2025-09-30 22:32:18,215 [DEBUG] org.springframework.security.web.session.SessionManagementFilter {http-nio-8080-exec-6} Request requested invalid session id FB74EDC4A01E22A9E0E8261D4581D5DB
2025-09-30 22:32:18,215 [DEBUG] org.springframework.security.web.session.SessionManagementFilter {http-nio-8080-exec-7} Request requested invalid session id FB74EDC4A01E22A9E0E8261D4581D5DB
2025-09-30 22:32:18,215 [DEBUG] org.springframework.security.web.session.SessionManagementFilter {http-nio-8080-exec-5} Request requested invalid session id FB74EDC4A01E22A9E0E8261D4581D5DB
2025-09-30 22:32:18,215 [DEBUG] org.springframework.security.web.FilterChainProxy {http-nio-8080-exec-6} Secured GET /swagger-ui/swagger-ui-standalone-preset.js
2025-09-30 22:32:18,215 [DEBUG] org.springframework.security.web.FilterChainProxy {http-nio-8080-exec-7} Secured GET /swagger-ui/swagger-initializer.js
2025-09-30 22:32:18,215 [DEBUG] org.springframework.security.web.FilterChainProxy {http-nio-8080-exec-5} Secured GET /swagger-ui/swagger-ui-bundle.js
2025-09-30 22:32:18,335 [DEBUG] org.springframework.security.web.FilterChainProxy {http-nio-8080-exec-8} Securing GET /v3/api-docs/swagger-config
2025-09-30 22:32:18,336 [DEBUG] org.springframework.security.web.authentication.AnonymousAuthenticationFilter {http-nio-8080-exec-8} Set SecurityContextHolder to anonymous SecurityContext
2025-09-30 22:32:18,336 [DEBUG] org.springframework.security.web.session.SessionManagementFilter {http-nio-8080-exec-8} Request requested invalid session id FB74EDC4A01E22A9E0E8261D4581D5DB
2025-09-30 22:32:18,336 [DEBUG] org.springframework.security.web.FilterChainProxy {http-nio-8080-exec-8} Secured GET /v3/api-docs/swagger-config
2025-09-30 22:32:18,357 [DEBUG] org.springframework.security.web.FilterChainProxy {http-nio-8080-exec-9} Securing GET /v3/api-docs
2025-09-30 22:32:18,357 [DEBUG] org.springframework.security.web.authentication.AnonymousAuthenticationFilter {http-nio-8080-exec-9} Set SecurityContextHolder to anonymous SecurityContext
2025-09-30 22:32:18,357 [DEBUG] org.springframework.security.web.session.SessionManagementFilter {http-nio-8080-exec-9} Request requested invalid session id FB74EDC4A01E22A9E0E8261D4581D5DB
2025-09-30 22:32:18,358 [DEBUG] org.springframework.security.web.FilterChainProxy {http-nio-8080-exec-9} Secured GET /v3/api-docs
2025-09-30 22:32:18,599 [INFO] org.springdoc.api.AbstractOpenApiResource {http-nio-8080-exec-9} Init duration for springdoc-openapi is: 233 ms
